{"level":"info","message":"Connected to the Inventory DB","timestamp":"2024-09-23T15:11:50.712Z"}
{"level":"info","message":"Server is running on port 6000","timestamp":"2024-09-23T15:11:50.718Z"}
{"level":"info","message":"Connected to the Inventory DB","timestamp":"2024-09-23T15:19:47.899Z"}
{"level":"info","message":"Connected to the Inventory DB","timestamp":"2024-09-23T15:21:17.100Z"}
{"level":"info","message":"Server is running on port 6000","timestamp":"2024-09-23T15:21:17.103Z"}
{"level":"info","message":"Connected to the Inventory DB","timestamp":"2024-09-23T15:22:07.274Z"}
{"level":"info","message":"Connected to the Inventory DB","timestamp":"2024-09-23T15:22:32.285Z"}
{"level":"info","message":"Server is running on port 7000","timestamp":"2024-09-23T15:22:32.289Z"}
{"level":"error","message":"Invalid or expired token:","timestamp":"2024-09-23T15:22:35.227Z"}
{"level":"info","message":"Connected to the Inventory DB","timestamp":"2024-09-23T15:23:14.142Z"}
{"level":"info","message":"Server is running on port 7000","timestamp":"2024-09-23T15:23:14.146Z"}
{"level":"error","message":"Invalid or expired token:","timestamp":"2024-09-23T15:23:17.117Z"}
{"level":"error","message":"Invalid or expired token:","timestamp":"2024-09-23T15:23:20.294Z"}
{"level":"info","message":"Connected to the Inventory DB","timestamp":"2024-09-23T15:30:08.092Z"}
{"level":"info","message":"Server is running on port 7000","timestamp":"2024-09-23T15:30:08.095Z"}
{"level":"error","message":"Invalid or expired token:","timestamp":"2024-09-23T15:30:11.343Z"}
{"level":"error","message":"Invalid or expired token:","timestamp":"2024-09-23T15:32:29.381Z"}
{"level":"error","message":"Invalid or expired token:","timestamp":"2024-09-23T15:32:29.820Z"}
{"level":"error","message":"Invalid or expired token:","timestamp":"2024-09-23T15:32:30.258Z"}
{"level":"error","message":"Invalid or expired token:","timestamp":"2024-09-23T15:32:30.904Z"}
{"level":"error","message":"Invalid or expired token:","timestamp":"2024-09-23T15:32:31.365Z"}
{"level":"error","message":"Invalid or expired token:","timestamp":"2024-09-23T15:32:31.833Z"}
{"level":"error","message":"Invalid or expired token:","timestamp":"2024-09-23T15:32:32.253Z"}
{"level":"error","message":"Invalid or expired token:","timestamp":"2024-09-23T15:32:32.647Z"}
{"level":"error","message":"Invalid or expired token:","timestamp":"2024-09-23T15:32:33.091Z"}
{"level":"error","message":"Invalid or expired token:","timestamp":"2024-09-23T15:32:33.611Z"}
{"level":"error","message":"Invalid or expired token:","timestamp":"2024-09-23T15:32:33.986Z"}
{"level":"error","message":"Invalid or expired token:","timestamp":"2024-09-23T15:32:34.377Z"}
{"level":"error","message":"Invalid or expired token:","timestamp":"2024-09-23T15:32:34.735Z"}
{"level":"error","message":"Invalid or expired token:","timestamp":"2024-09-23T15:32:35.154Z"}
{"level":"error","message":"Invalid or expired token:","timestamp":"2024-09-23T15:32:35.521Z"}
{"level":"error","message":"Invalid or expired token:","timestamp":"2024-09-23T15:32:35.841Z"}
{"level":"error","message":"Invalid or expired token:","timestamp":"2024-09-23T15:32:36.155Z"}
{"level":"error","message":"Invalid or expired token:","timestamp":"2024-09-23T15:32:36.516Z"}
{"level":"error","message":"Invalid or expired token:","timestamp":"2024-09-23T15:32:36.852Z"}
{"level":"error","message":"Invalid or expired token:","timestamp":"2024-09-23T15:32:37.190Z"}
{"level":"error","message":"Invalid or expired token:","timestamp":"2024-09-23T15:32:37.553Z"}
{"level":"error","message":"Invalid or expired token:","timestamp":"2024-09-23T15:32:37.930Z"}
{"level":"error","message":"Invalid or expired token:","timestamp":"2024-09-23T15:32:38.300Z"}
{"level":"error","message":"Invalid or expired token:","timestamp":"2024-09-23T15:32:38.675Z"}
{"level":"error","message":"Invalid or expired token:","timestamp":"2024-09-23T15:32:39.046Z"}
{"level":"error","message":"Invalid or expired token:","timestamp":"2024-09-23T15:32:39.408Z"}
{"level":"error","message":"Invalid or expired token:","timestamp":"2024-09-23T15:32:39.753Z"}
{"level":"error","message":"Invalid or expired token:","timestamp":"2024-09-23T15:32:40.113Z"}
{"level":"error","message":"Invalid or expired token:","timestamp":"2024-09-23T15:32:40.478Z"}
{"level":"error","message":"Invalid or expired token:","timestamp":"2024-09-23T15:32:41.146Z"}
{"level":"error","message":"Invalid or expired token:","timestamp":"2024-09-23T15:32:41.512Z"}
{"level":"error","message":"Invalid or expired token:","timestamp":"2024-09-23T15:32:41.877Z"}
{"level":"error","message":"Invalid or expired token:","timestamp":"2024-09-23T15:32:42.301Z"}
{"level":"error","message":"Invalid or expired token:","timestamp":"2024-09-23T15:32:42.659Z"}
{"level":"error","message":"Invalid or expired token:","timestamp":"2024-09-23T15:32:43.020Z"}
{"level":"error","message":"Invalid or expired token:","timestamp":"2024-09-23T15:32:43.391Z"}
{"level":"error","message":"Invalid or expired token:","timestamp":"2024-09-23T15:32:43.767Z"}
{"level":"error","message":"Invalid or expired token:","timestamp":"2024-09-23T15:32:44.124Z"}
{"level":"error","message":"Invalid or expired token:","timestamp":"2024-09-23T15:32:44.509Z"}
{"level":"error","message":"Invalid or expired token:","timestamp":"2024-09-23T15:32:44.874Z"}
{"level":"error","message":"Invalid or expired token:","timestamp":"2024-09-23T15:32:45.251Z"}
{"level":"error","message":"Invalid or expired token:","timestamp":"2024-09-23T15:32:45.624Z"}
{"level":"error","message":"Invalid or expired token:","timestamp":"2024-09-23T15:32:46.029Z"}
{"level":"error","message":"Invalid or expired token:","timestamp":"2024-09-23T15:32:46.403Z"}
{"level":"error","message":"Invalid or expired token:","timestamp":"2024-09-23T15:32:46.857Z"}
{"level":"error","message":"Invalid or expired token:","timestamp":"2024-09-23T15:32:47.245Z"}
{"level":"error","message":"Invalid or expired token:","timestamp":"2024-09-23T15:32:47.668Z"}
{"level":"error","message":"Invalid or expired token:","timestamp":"2024-09-23T15:32:48.062Z"}
{"level":"error","message":"Invalid or expired token:","timestamp":"2024-09-23T15:32:48.450Z"}
{"level":"error","message":"Invalid or expired token:","timestamp":"2024-09-23T15:32:48.969Z"}
{"level":"error","message":"Invalid or expired token:","timestamp":"2024-09-23T15:32:49.385Z"}
{"level":"error","message":"Invalid or expired token:","timestamp":"2024-09-23T15:32:49.777Z"}
{"level":"error","message":"Invalid or expired token:","timestamp":"2024-09-23T15:32:50.184Z"}
{"level":"error","message":"Invalid or expired token:","timestamp":"2024-09-23T15:32:50.842Z"}
{"level":"error","message":"Invalid or expired token:","timestamp":"2024-09-23T15:32:51.491Z"}
{"level":"error","message":"Invalid or expired token:","timestamp":"2024-09-23T15:32:51.915Z"}
{"level":"error","message":"Invalid or expired token:","timestamp":"2024-09-23T15:32:52.347Z"}
{"level":"error","message":"Invalid or expired token:","timestamp":"2024-09-23T15:32:52.843Z"}
{"level":"error","message":"Invalid or expired token:","timestamp":"2024-09-23T15:32:53.252Z"}
{"level":"error","message":"Invalid or expired token:","timestamp":"2024-09-23T15:32:53.712Z"}
{"level":"error","message":"Invalid or expired token:","timestamp":"2024-09-23T15:32:54.098Z"}
{"level":"error","message":"Invalid or expired token:","timestamp":"2024-09-23T15:32:54.756Z"}
{"level":"error","message":"Invalid or expired token:","timestamp":"2024-09-23T15:32:55.180Z"}
{"level":"error","message":"Invalid or expired token:","timestamp":"2024-09-23T15:32:55.631Z"}
{"level":"error","message":"Invalid or expired token:","timestamp":"2024-09-23T15:32:56.090Z"}
{"level":"error","message":"Invalid or expired token:","timestamp":"2024-09-23T15:32:56.526Z"}
{"level":"error","message":"Invalid or expired token:","timestamp":"2024-09-23T15:32:56.940Z"}
{"level":"error","message":"Invalid or expired token:","timestamp":"2024-09-23T15:32:57.388Z"}
{"level":"error","message":"Invalid or expired token:","timestamp":"2024-09-23T15:32:57.836Z"}
{"level":"error","message":"Invalid or expired token:","timestamp":"2024-09-23T15:32:58.550Z"}
{"level":"error","message":"Invalid or expired token:","timestamp":"2024-09-23T15:32:58.899Z"}
{"level":"error","message":"Invalid or expired token:","timestamp":"2024-09-23T15:32:59.260Z"}
{"level":"error","message":"Invalid or expired token:","timestamp":"2024-09-23T15:32:59.622Z"}
{"level":"error","message":"Invalid or expired token:","timestamp":"2024-09-23T15:32:59.934Z"}
{"level":"error","message":"Invalid or expired token:","timestamp":"2024-09-23T15:33:00.254Z"}
{"level":"error","message":"Invalid or expired token:","timestamp":"2024-09-23T15:33:00.603Z"}
{"level":"error","message":"Invalid or expired token:","timestamp":"2024-09-23T15:33:00.930Z"}
{"level":"error","message":"Invalid or expired token:","timestamp":"2024-09-23T15:33:01.356Z"}
{"level":"error","message":"Invalid or expired token:","timestamp":"2024-09-23T15:33:01.693Z"}
{"level":"error","message":"Invalid or expired token:","timestamp":"2024-09-23T15:33:02.028Z"}
{"level":"error","message":"Invalid or expired token:","timestamp":"2024-09-23T15:33:02.373Z"}
{"level":"error","message":"Invalid or expired token:","timestamp":"2024-09-23T15:33:02.688Z"}
{"level":"error","message":"Invalid or expired token:","timestamp":"2024-09-23T15:33:03.004Z"}
{"level":"error","message":"Invalid or expired token:","timestamp":"2024-09-23T15:33:03.351Z"}
{"level":"error","message":"Invalid or expired token:","timestamp":"2024-09-23T15:33:03.707Z"}
{"level":"error","message":"Invalid or expired token:","timestamp":"2024-09-23T15:33:04.116Z"}
{"level":"error","message":"Invalid or expired token:","timestamp":"2024-09-23T15:33:04.531Z"}
{"level":"error","message":"Invalid or expired token:","timestamp":"2024-09-23T15:33:05.044Z"}
{"level":"error","message":"Invalid or expired token:","timestamp":"2024-09-23T15:33:05.414Z"}
{"level":"error","message":"Invalid or expired token:","timestamp":"2024-09-23T15:33:05.764Z"}
{"level":"info","message":"Connected to the Inventory DB","timestamp":"2024-09-23T15:34:19.452Z"}
{"level":"info","message":"Server is running on port 7000","timestamp":"2024-09-23T15:34:19.456Z"}
{"level":"error","message":"Invalid or expired token:","timestamp":"2024-09-23T15:34:22.883Z"}
{"level":"info","message":"Connected to the Inventory DB","timestamp":"2024-09-23T15:36:03.725Z"}
{"level":"info","message":"Server is running on port 7000","timestamp":"2024-09-23T15:36:03.730Z"}
{"level":"error","message":"Invalid or expired token:","timestamp":"2024-09-23T15:36:06.563Z"}
{"level":"error","message":"login failed Error validating token","stack":"Error: Error validating token\n    at logCustomer (/home/rgukt/Desktop/Learn New/ElectronApp/Backend/Models/customerModel.js:116:19)\n    at process.processTicksAndRejections (node:internal/process/task_queues:95:5)\n    at async loginCustomer (/home/rgukt/Desktop/Learn New/ElectronApp/Backend/Controllers/customerController.js:149:20)","timestamp":"2024-09-23T15:36:21.152Z"}
{"level":"error","message":"login failed Error validating token","stack":"Error: Error validating token\n    at logCustomer (/home/rgukt/Desktop/Learn New/ElectronApp/Backend/Models/customerModel.js:116:19)\n    at process.processTicksAndRejections (node:internal/process/task_queues:95:5)\n    at async loginCustomer (/home/rgukt/Desktop/Learn New/ElectronApp/Backend/Controllers/customerController.js:149:20)","timestamp":"2024-09-23T15:36:30.249Z"}
{"level":"info","message":"Connected to the Inventory DB","timestamp":"2024-09-23T15:38:51.613Z"}
{"level":"info","message":"Server is running on port 7000","timestamp":"2024-09-23T15:38:51.618Z"}
{"level":"error","message":"Invalid or expired token:","timestamp":"2024-09-23T15:38:53.799Z"}
{"code":"22P02","file":"int8.c","length":91,"level":"error","line":"126","message":"login failed invalid input syntax for type bigint: \"\"","name":"error","routine":"scanint8","severity":"ERROR","stack":"error: invalid input syntax for type bigint: \"\"\n    at /home/rgukt/Desktop/Learn New/ElectronApp/Backend/node_modules/pg/lib/client.js:526:17\n    at process.processTicksAndRejections (node:internal/process/task_queues:95:5)\n    at async logCustomer (/home/rgukt/Desktop/Learn New/ElectronApp/Backend/Models/customerModel.js:94:22)\n    at async loginCustomer (/home/rgukt/Desktop/Learn New/ElectronApp/Backend/Controllers/customerController.js:149:20)","timestamp":"2024-09-23T15:38:56.393Z"}
{"level":"error","message":"login failed Error validating token","stack":"Error: Error validating token\n    at logCustomer (/home/rgukt/Desktop/Learn New/ElectronApp/Backend/Models/customerModel.js:116:19)\n    at process.processTicksAndRejections (node:internal/process/task_queues:95:5)\n    at async loginCustomer (/home/rgukt/Desktop/Learn New/ElectronApp/Backend/Controllers/customerController.js:149:20)","timestamp":"2024-09-23T15:39:11.235Z"}
{"level":"info","message":"Connected to the Inventory DB","timestamp":"2024-09-24T04:55:29.146Z"}
{"level":"info","message":"Server is running on port 7000","timestamp":"2024-09-24T04:55:29.154Z"}
{"level":"error","message":"login failed Error validating token","stack":"Error: Error validating token\n    at logCustomer (/home/rgukt/Desktop/Learn New/ElectronApp/Backend/Models/customerModel.js:116:19)\n    at process.processTicksAndRejections (node:internal/process/task_queues:95:5)\n    at async loginCustomer (/home/rgukt/Desktop/Learn New/ElectronApp/Backend/Controllers/customerController.js:149:20)","timestamp":"2024-09-24T04:56:05.737Z"}
{"level":"error","message":"login failed Error validating token","stack":"Error: Error validating token\n    at logCustomer (/home/rgukt/Desktop/Learn New/ElectronApp/Backend/Models/customerModel.js:116:19)\n    at process.processTicksAndRejections (node:internal/process/task_queues:95:5)\n    at async loginCustomer (/home/rgukt/Desktop/Learn New/ElectronApp/Backend/Controllers/customerController.js:149:20)","timestamp":"2024-09-24T04:56:23.591Z"}
{"level":"error","message":"login failed Error validating token","stack":"Error: Error validating token\n    at logCustomer (/home/rgukt/Desktop/Learn New/ElectronApp/Backend/Models/customerModel.js:116:19)\n    at process.processTicksAndRejections (node:internal/process/task_queues:95:5)\n    at async loginCustomer (/home/rgukt/Desktop/Learn New/ElectronApp/Backend/Controllers/customerController.js:149:20)","timestamp":"2024-09-24T04:56:24.601Z"}
{"level":"error","message":"login failed Error validating token","stack":"Error: Error validating token\n    at logCustomer (/home/rgukt/Desktop/Learn New/ElectronApp/Backend/Models/customerModel.js:116:19)\n    at process.processTicksAndRejections (node:internal/process/task_queues:95:5)\n    at async loginCustomer (/home/rgukt/Desktop/Learn New/ElectronApp/Backend/Controllers/customerController.js:149:20)","timestamp":"2024-09-24T04:56:24.847Z"}
{"level":"info","message":"Connected to the Inventory DB","timestamp":"2024-09-24T05:01:07.655Z"}
{"level":"info","message":"Server is running on port 7000","timestamp":"2024-09-24T05:01:07.660Z"}
{"level":"error","message":"Invalid or expired token:","timestamp":"2024-09-24T05:01:11.051Z"}
{"level":"error","message":"login failed Error validating token","stack":"Error: Error validating token\n    at logCustomer (/home/rgukt/Desktop/Learn New/ElectronApp/Backend/Models/customerModel.js:116:19)\n    at process.processTicksAndRejections (node:internal/process/task_queues:95:5)\n    at async loginCustomer (/home/rgukt/Desktop/Learn New/ElectronApp/Backend/Controllers/customerController.js:149:20)","timestamp":"2024-09-24T05:02:00.005Z"}
{"level":"info","message":"Connected to the Inventory DB","timestamp":"2024-09-24T05:04:46.075Z"}
{"level":"info","message":"Server is running on port 7000","timestamp":"2024-09-24T05:04:46.080Z"}
{"level":"error","message":"Invalid or expired token:","timestamp":"2024-09-24T05:04:48.882Z"}
{"level":"error","message":"login failed Error validating token","stack":"Error: Error validating token\n    at logCustomer (/home/rgukt/Desktop/Learn New/ElectronApp/Backend/Models/customerModel.js:116:19)\n    at process.processTicksAndRejections (node:internal/process/task_queues:95:5)\n    at async loginCustomer (/home/rgukt/Desktop/Learn New/ElectronApp/Backend/Controllers/customerController.js:149:20)","timestamp":"2024-09-24T05:06:47.663Z"}
{"level":"error","message":"login failed Error validating token","stack":"Error: Error validating token\n    at logCustomer (/home/rgukt/Desktop/Learn New/ElectronApp/Backend/Models/customerModel.js:116:19)\n    at process.processTicksAndRejections (node:internal/process/task_queues:95:5)\n    at async loginCustomer (/home/rgukt/Desktop/Learn New/ElectronApp/Backend/Controllers/customerController.js:149:20)","timestamp":"2024-09-24T05:07:04.615Z"}
{"level":"error","message":"login failed Error validating token","stack":"Error: Error validating token\n    at logCustomer (/home/rgukt/Desktop/Learn New/ElectronApp/Backend/Models/customerModel.js:116:19)\n    at process.processTicksAndRejections (node:internal/process/task_queues:95:5)\n    at async loginCustomer (/home/rgukt/Desktop/Learn New/ElectronApp/Backend/Controllers/customerController.js:149:20)","timestamp":"2024-09-24T05:08:37.772Z"}
{"level":"error","message":"login failed Error validating token","stack":"Error: Error validating token\n    at logCustomer (/home/rgukt/Desktop/Learn New/ElectronApp/Backend/Models/customerModel.js:116:19)\n    at process.processTicksAndRejections (node:internal/process/task_queues:95:5)\n    at async loginCustomer (/home/rgukt/Desktop/Learn New/ElectronApp/Backend/Controllers/customerController.js:149:20)","timestamp":"2024-09-24T05:09:58.005Z"}
{"level":"info","message":"Connected to the Inventory DB","timestamp":"2024-09-24T05:12:06.214Z"}
{"level":"info","message":"Server is running on port 7000","timestamp":"2024-09-24T05:12:06.219Z"}
{"level":"error","message":"Invalid or expired token:","timestamp":"2024-09-24T05:12:28.871Z"}
{"level":"info","message":"Connected to the Inventory DB","timestamp":"2024-09-24T05:13:34.555Z"}
{"level":"info","message":"Server is running on port 7000","timestamp":"2024-09-24T05:13:34.562Z"}
{"level":"error","message":"Invalid or expired token:","timestamp":"2024-09-24T05:13:37.435Z"}
{"level":"info","message":"Connected to the Inventory DB","timestamp":"2024-09-24T05:14:25.341Z"}
{"level":"info","message":"Connected to the Inventory DB","timestamp":"2024-09-24T05:14:57.514Z"}
{"level":"info","message":"Server is running on port 7000","timestamp":"2024-09-24T05:14:57.520Z"}
{"level":"error","message":"Invalid or expired token:","timestamp":"2024-09-24T05:15:00.380Z"}
{"level":"error","message":"login failed Error validating token","stack":"Error: Error validating token\n    at logCustomer (/home/rgukt/Desktop/Learn New/ElectronApp/Backend/Models/customerModel.js:116:19)\n    at process.processTicksAndRejections (node:internal/process/task_queues:95:5)\n    at async loginCustomer (/home/rgukt/Desktop/Learn New/ElectronApp/Backend/Controllers/customerController.js:150:20)","timestamp":"2024-09-24T05:15:45.637Z"}
{"level":"error","message":"login failed Error validating token","stack":"Error: Error validating token\n    at logCustomer (/home/rgukt/Desktop/Learn New/ElectronApp/Backend/Models/customerModel.js:116:19)\n    at process.processTicksAndRejections (node:internal/process/task_queues:95:5)\n    at async loginCustomer (/home/rgukt/Desktop/Learn New/ElectronApp/Backend/Controllers/customerController.js:150:20)","timestamp":"2024-09-24T05:17:46.579Z"}
{"level":"info","message":"Connected to the Inventory DB","timestamp":"2024-09-24T05:19:17.125Z"}
{"level":"info","message":"Server is running on port 7000","timestamp":"2024-09-24T05:19:17.131Z"}
{"level":"error","message":"Invalid or expired token:","timestamp":"2024-09-24T05:19:20.105Z"}
{"level":"error","message":"login failed Error validating token","stack":"Error: Error validating token\n    at logCustomer (/home/rgukt/Desktop/Learn New/ElectronApp/Backend/Models/customerModel.js:117:19)\n    at process.processTicksAndRejections (node:internal/process/task_queues:95:5)\n    at async loginCustomer (/home/rgukt/Desktop/Learn New/ElectronApp/Backend/Controllers/customerController.js:150:20)","timestamp":"2024-09-24T05:19:32.944Z"}
{"level":"error","message":"login failed Error validating token","stack":"Error: Error validating token\n    at logCustomer (/home/rgukt/Desktop/Learn New/ElectronApp/Backend/Models/customerModel.js:117:19)\n    at process.processTicksAndRejections (node:internal/process/task_queues:95:5)\n    at async loginCustomer (/home/rgukt/Desktop/Learn New/ElectronApp/Backend/Controllers/customerController.js:150:20)","timestamp":"2024-09-24T05:20:33.785Z"}
{"level":"info","message":"Connected to the Inventory DB","timestamp":"2024-09-24T05:23:09.588Z"}
{"level":"info","message":"Server is running on port 7000","timestamp":"2024-09-24T05:23:09.595Z"}
{"level":"error","message":"Invalid or expired token:","timestamp":"2024-09-24T05:23:15.721Z"}
{"level":"error","message":"login failed Error validating token","stack":"Error: Error validating token\n    at logCustomer (/home/rgukt/Desktop/Learn New/ElectronApp/Backend/Models/customerModel.js:117:19)\n    at process.processTicksAndRejections (node:internal/process/task_queues:95:5)\n    at async loginCustomer (/home/rgukt/Desktop/Learn New/ElectronApp/Backend/Controllers/customerController.js:150:20)","timestamp":"2024-09-24T05:23:35.954Z"}
{"level":"info","message":"Connected to the Inventory DB","timestamp":"2024-09-24T05:30:07.337Z"}
{"level":"info","message":"Server is running on port 7000","timestamp":"2024-09-24T05:30:07.344Z"}
{"level":"error","message":"Invalid or expired token:","timestamp":"2024-09-24T05:30:11.839Z"}
{"level":"error","message":"login failed Error validating token","stack":"Error: Error validating token\n    at logCustomer (/home/rgukt/Desktop/Learn New/ElectronApp/Backend/Models/customerModel.js:120:19)\n    at process.processTicksAndRejections (node:internal/process/task_queues:95:5)\n    at async loginCustomer (/home/rgukt/Desktop/Learn New/ElectronApp/Backend/Controllers/customerController.js:150:20)","timestamp":"2024-09-24T05:31:04.944Z"}
{"level":"error","message":"login failed Error validating token","stack":"Error: Error validating token\n    at logCustomer (/home/rgukt/Desktop/Learn New/ElectronApp/Backend/Models/customerModel.js:120:19)\n    at process.processTicksAndRejections (node:internal/process/task_queues:95:5)\n    at async loginCustomer (/home/rgukt/Desktop/Learn New/ElectronApp/Backend/Controllers/customerController.js:150:20)","timestamp":"2024-09-24T05:31:17.615Z"}
{"level":"info","message":"Connected to the Inventory DB","timestamp":"2024-09-24T05:34:47.458Z"}
{"level":"info","message":"Server is running on port 7000","timestamp":"2024-09-24T05:34:47.463Z"}
{"level":"error","message":"Invalid or expired token:","timestamp":"2024-09-24T05:34:53.320Z"}
{"level":"error","message":"Oh no login failed Error validating token","stack":"Error: Error validating token\n    at logCustomer (/home/rgukt/Desktop/Learn New/ElectronApp/Backend/Models/customerModel.js:120:19)\n    at process.processTicksAndRejections (node:internal/process/task_queues:95:5)\n    at async loginCustomer (/home/rgukt/Desktop/Learn New/ElectronApp/Backend/Controllers/customerController.js:150:20)","timestamp":"2024-09-24T05:35:30.466Z"}
{"level":"info","message":"Connected to the Inventory DB","timestamp":"2024-09-24T05:39:27.741Z"}
{"level":"info","message":"Server is running on port 7000","timestamp":"2024-09-24T05:39:27.746Z"}
{"level":"error","message":"Invalid or expired token:","timestamp":"2024-09-24T05:39:34.658Z"}
{"level":"info","message":"login successful,token:","timestamp":"2024-09-24T05:39:56.724Z"}
{"level":"error","message":"Invalid or expired token:","timestamp":"2024-09-24T05:39:56.786Z"}
{"level":"error","message":"Invalid or expired token:","timestamp":"2024-09-24T05:39:58.282Z"}
{"level":"info","message":"Connected to the Inventory DB","timestamp":"2024-09-24T05:40:54.038Z"}
{"level":"info","message":"Connected to the Inventory DB","timestamp":"2024-09-24T05:41:51.325Z"}
{"level":"info","message":"Server is running on port 7000","timestamp":"2024-09-24T05:41:51.333Z"}
{"level":"error","message":"Invalid or expired token:","timestamp":"2024-09-24T05:41:54.144Z"}
{"level":"info","message":"Connected to the Inventory DB","timestamp":"2024-09-24T05:45:18.942Z"}
{"level":"info","message":"Server is running on port 7000","timestamp":"2024-09-24T05:45:18.949Z"}
{"level":"error","message":"Invalid or expired token:","timestamp":"2024-09-24T05:45:22.006Z"}
{"level":"info","message":"Connected to the Inventory DB","timestamp":"2024-09-24T05:46:44.534Z"}
{"level":"info","message":"Connected to the Inventory DB","timestamp":"2024-09-24T05:47:02.032Z"}
{"level":"info","message":"Server is running on port 7000","timestamp":"2024-09-24T05:47:02.041Z"}
{"level":"error","message":"Invalid or expired token:","timestamp":"2024-09-24T05:47:04.788Z"}
{"level":"info","message":"login successful,token:","timestamp":"2024-09-24T05:47:18.979Z"}
{"level":"error","message":"Invalid or expired token:","timestamp":"2024-09-24T05:47:19.022Z"}
{"level":"error","message":"Invalid or expired token:","timestamp":"2024-09-24T05:47:20.562Z"}
{"level":"error","message":"Invalid or expired token:","timestamp":"2024-09-24T05:48:39.632Z"}
{"level":"error","message":"Invalid or expired token:","timestamp":"2024-09-24T05:48:40.197Z"}
{"level":"error","message":"Invalid or expired token:","timestamp":"2024-09-24T05:48:40.731Z"}
{"level":"error","message":"Invalid or expired token:","timestamp":"2024-09-24T05:48:41.257Z"}
{"level":"error","message":"Invalid or expired token:","timestamp":"2024-09-24T05:48:41.715Z"}
{"level":"error","message":"Invalid or expired token:","timestamp":"2024-09-24T05:48:42.243Z"}
{"level":"error","message":"Invalid or expired token:","timestamp":"2024-09-24T05:48:42.901Z"}
{"level":"error","message":"Invalid or expired token:","timestamp":"2024-09-24T05:48:44.020Z"}
{"level":"error","message":"Invalid or expired token:","timestamp":"2024-09-24T05:48:44.852Z"}
{"level":"error","message":"Invalid or expired token:","timestamp":"2024-09-24T05:48:45.824Z"}
{"level":"error","message":"Invalid or expired token:","timestamp":"2024-09-24T05:48:46.619Z"}
{"level":"error","message":"Invalid or expired token:","timestamp":"2024-09-24T05:48:47.257Z"}
{"level":"error","message":"Invalid or expired token:","timestamp":"2024-09-24T05:48:47.793Z"}
{"level":"error","message":"Invalid or expired token:","timestamp":"2024-09-24T05:48:48.266Z"}
{"level":"info","message":"Connected to the Inventory DB","timestamp":"2024-09-24T05:50:26.750Z"}
{"level":"info","message":"Server is running on port 7000","timestamp":"2024-09-24T05:50:26.761Z"}
{"level":"info","message":"Connected to the Inventory DB","timestamp":"2024-09-24T07:05:12.438Z"}
{"level":"info","message":"Server is running on port 7000","timestamp":"2024-09-24T07:05:12.442Z"}
{"level":"info","message":"Connected to the Inventory DB","timestamp":"2024-09-24T07:08:26.906Z"}
{"level":"info","message":"Server is running on port 7000","timestamp":"2024-09-24T07:08:26.914Z"}
{"level":"error","message":"Server error during authentication:","timestamp":"2024-09-24T07:08:30.004Z"}
{"level":"info","message":"login successful,token:","timestamp":"2024-09-24T07:08:55.632Z"}
{"level":"error","message":"Server error during authentication:","timestamp":"2024-09-24T07:08:55.682Z"}
{"level":"info","message":"Products data fetched successfully","timestamp":"2024-09-24T07:09:08.297Z"}
{"level":"info","message":"Products data fetched successfully","timestamp":"2024-09-24T07:09:40.652Z"}
{"level":"info","message":"Products data fetched successfully","timestamp":"2024-09-24T07:09:41.494Z"}
{"level":"info","message":"Products data fetched successfully","timestamp":"2024-09-24T07:09:42.286Z"}
{"level":"info","message":"Products data fetched successfully","timestamp":"2024-09-24T07:09:43.044Z"}
{"level":"info","message":"Products data fetched successfully","timestamp":"2024-09-24T07:09:43.641Z"}
{"level":"info","message":"Products data fetched successfully","timestamp":"2024-09-24T07:09:44.211Z"}
{"level":"info","message":"Products data fetched successfully","timestamp":"2024-09-24T07:09:44.780Z"}
{"level":"info","message":"Products data fetched successfully","timestamp":"2024-09-24T07:09:45.294Z"}
{"level":"info","message":"Products data fetched successfully","timestamp":"2024-09-24T07:09:45.810Z"}
{"level":"info","message":"Products data fetched successfully","timestamp":"2024-09-24T07:09:46.344Z"}
{"level":"info","message":"Products data fetched successfully","timestamp":"2024-09-24T07:09:46.907Z"}
{"level":"info","message":"Products data fetched successfully","timestamp":"2024-09-24T07:09:47.419Z"}
{"level":"info","message":"Products data fetched successfully","timestamp":"2024-09-24T07:09:47.952Z"}
{"level":"info","message":"Products data fetched successfully","timestamp":"2024-09-24T07:09:48.607Z"}
{"level":"info","message":"Products data fetched successfully","timestamp":"2024-09-24T07:09:49.127Z"}
{"level":"info","message":"Products data fetched successfully","timestamp":"2024-09-24T07:09:49.662Z"}
{"level":"info","message":"Products data fetched successfully","timestamp":"2024-09-24T07:09:50.144Z"}
{"level":"info","message":"Products data fetched successfully","timestamp":"2024-09-24T07:09:50.709Z"}
{"level":"info","message":"Products data fetched successfully","timestamp":"2024-09-24T07:09:51.207Z"}
{"level":"info","message":"Products data fetched successfully","timestamp":"2024-09-24T07:09:51.772Z"}
{"level":"info","message":"Products data fetched successfully","timestamp":"2024-09-24T07:09:52.256Z"}
{"level":"info","message":"Products data fetched successfully","timestamp":"2024-09-24T07:09:52.790Z"}
{"level":"info","message":"Products data fetched successfully","timestamp":"2024-09-24T07:09:53.296Z"}
{"level":"info","message":"Products data fetched successfully","timestamp":"2024-09-24T07:09:53.808Z"}
{"level":"info","message":"Products data fetched successfully","timestamp":"2024-09-24T07:09:54.286Z"}
{"level":"info","message":"Products data fetched successfully","timestamp":"2024-09-24T07:09:54.897Z"}
{"level":"info","message":"Products data fetched successfully","timestamp":"2024-09-24T07:09:55.385Z"}
{"level":"info","message":"Products data fetched successfully","timestamp":"2024-09-24T07:09:55.889Z"}
{"level":"info","message":"Products data fetched successfully","timestamp":"2024-09-24T07:09:56.428Z"}
{"level":"info","message":"Products data fetched successfully","timestamp":"2024-09-24T07:09:57.026Z"}
{"level":"info","message":"Products data fetched successfully","timestamp":"2024-09-24T07:09:57.595Z"}
{"level":"info","message":"Products data fetched successfully","timestamp":"2024-09-24T07:09:58.192Z"}
{"level":"info","message":"Products data fetched successfully","timestamp":"2024-09-24T07:09:58.741Z"}
{"level":"info","message":"Products data fetched successfully","timestamp":"2024-09-24T07:09:59.360Z"}
{"level":"info","message":"Products data fetched successfully","timestamp":"2024-09-24T07:09:59.894Z"}
{"level":"info","message":"Products data fetched successfully","timestamp":"2024-09-24T07:10:00.427Z"}
{"level":"info","message":"Products data fetched successfully","timestamp":"2024-09-24T07:10:01.084Z"}
{"level":"info","message":"Products data fetched successfully","timestamp":"2024-09-24T07:10:01.563Z"}
{"level":"info","message":"Products data fetched successfully","timestamp":"2024-09-24T07:10:02.041Z"}
{"level":"info","message":"Products data fetched successfully","timestamp":"2024-09-24T07:10:02.558Z"}
{"level":"info","message":"Products data fetched successfully","timestamp":"2024-09-24T07:10:03.088Z"}
{"level":"info","message":"Products data fetched successfully","timestamp":"2024-09-24T07:10:03.542Z"}
{"level":"info","message":"Products data fetched successfully","timestamp":"2024-09-24T07:10:03.995Z"}
{"level":"info","message":"Products data fetched successfully","timestamp":"2024-09-24T07:10:04.546Z"}
{"level":"info","message":"Products data fetched successfully","timestamp":"2024-09-24T07:10:05.152Z"}
{"level":"info","message":"Products data fetched successfully","timestamp":"2024-09-24T07:10:05.706Z"}
{"level":"info","message":"Products data fetched successfully","timestamp":"2024-09-24T07:10:06.269Z"}
{"level":"info","message":"Products data fetched successfully","timestamp":"2024-09-24T07:10:06.789Z"}
{"level":"info","message":"Products data fetched successfully","timestamp":"2024-09-24T07:10:07.379Z"}
{"level":"info","message":"Products data fetched successfully","timestamp":"2024-09-24T07:10:07.892Z"}
{"level":"info","message":"Products data fetched successfully","timestamp":"2024-09-24T07:10:08.560Z"}
{"level":"info","message":"Products data fetched successfully","timestamp":"2024-09-24T07:10:09.093Z"}
{"level":"info","message":"Products data fetched successfully","timestamp":"2024-09-24T07:10:09.566Z"}
{"level":"info","message":"Products data fetched successfully","timestamp":"2024-09-24T07:10:10.064Z"}
{"level":"info","message":"Products data fetched successfully","timestamp":"2024-09-24T07:10:10.552Z"}
{"level":"info","message":"Products data fetched successfully","timestamp":"2024-09-24T07:10:11.076Z"}
{"level":"info","message":"Products data fetched successfully","timestamp":"2024-09-24T07:10:11.697Z"}
{"level":"info","message":"Products data fetched successfully","timestamp":"2024-09-24T07:10:12.254Z"}
{"level":"info","message":"Products data fetched successfully","timestamp":"2024-09-24T07:10:12.928Z"}
{"level":"info","message":"Products data fetched successfully","timestamp":"2024-09-24T07:10:13.537Z"}
{"level":"info","message":"Products data fetched successfully","timestamp":"2024-09-24T07:10:14.056Z"}
{"level":"info","message":"Products data fetched successfully","timestamp":"2024-09-24T07:10:14.544Z"}
{"level":"info","message":"Products data fetched successfully","timestamp":"2024-09-24T07:10:15.141Z"}
{"level":"info","message":"Products data fetched successfully","timestamp":"2024-09-24T07:10:15.685Z"}
{"level":"info","message":"Products data fetched successfully","timestamp":"2024-09-24T07:10:16.209Z"}
{"level":"info","message":"Products data fetched successfully","timestamp":"2024-09-24T07:10:16.971Z"}
{"level":"info","message":"Products data fetched successfully","timestamp":"2024-09-24T07:10:17.539Z"}
{"level":"info","message":"Products data fetched successfully","timestamp":"2024-09-24T07:10:18.060Z"}
{"level":"info","message":"Products data fetched successfully","timestamp":"2024-09-24T07:10:18.606Z"}
{"level":"info","message":"Products data fetched successfully","timestamp":"2024-09-24T07:10:19.175Z"}
{"level":"info","message":"Products data fetched successfully","timestamp":"2024-09-24T07:10:19.694Z"}
{"level":"info","message":"Products data fetched successfully","timestamp":"2024-09-24T07:10:20.219Z"}
{"level":"info","message":"Products data fetched successfully","timestamp":"2024-09-24T07:10:20.825Z"}
{"level":"info","message":"Products data fetched successfully","timestamp":"2024-09-24T07:10:21.336Z"}
{"level":"info","message":"Products data fetched successfully","timestamp":"2024-09-24T07:10:21.802Z"}
{"level":"info","message":"Products data fetched successfully","timestamp":"2024-09-24T07:10:22.360Z"}
{"level":"info","message":"Products data fetched successfully","timestamp":"2024-09-24T07:10:22.984Z"}
{"level":"info","message":"Products data fetched successfully","timestamp":"2024-09-24T07:10:23.548Z"}
{"level":"info","message":"Products data fetched successfully","timestamp":"2024-09-24T07:10:24.035Z"}
{"level":"info","message":"Connected to the Inventory DB","timestamp":"2024-09-24T07:10:43.254Z"}
{"level":"info","message":"Server is running on port 7000","timestamp":"2024-09-24T07:10:43.258Z"}
{"level":"info","message":"Products data fetched successfully","timestamp":"2024-09-24T07:10:50.818Z"}
{"level":"info","message":"Products data fetched successfully","timestamp":"2024-09-24T07:11:03.208Z"}
{"level":"info","message":"Connected to the Inventory DB","timestamp":"2024-09-24T07:50:45.807Z"}
{"level":"info","message":"Server is running on port 7000","timestamp":"2024-09-24T07:50:45.811Z"}
