{"level":"error","message":"Invalid or expired token:","timestamp":"2024-09-23T15:22:35.227Z"}
{"level":"error","message":"Invalid or expired token:","timestamp":"2024-09-23T15:23:17.117Z"}
{"level":"error","message":"Invalid or expired token:","timestamp":"2024-09-23T15:23:20.294Z"}
{"level":"error","message":"Invalid or expired token:","timestamp":"2024-09-23T15:30:11.343Z"}
{"level":"error","message":"Invalid or expired token:","timestamp":"2024-09-23T15:32:29.381Z"}
{"level":"error","message":"Invalid or expired token:","timestamp":"2024-09-23T15:32:29.820Z"}
{"level":"error","message":"Invalid or expired token:","timestamp":"2024-09-23T15:32:30.258Z"}
{"level":"error","message":"Invalid or expired token:","timestamp":"2024-09-23T15:32:30.904Z"}
{"level":"error","message":"Invalid or expired token:","timestamp":"2024-09-23T15:32:31.365Z"}
{"level":"error","message":"Invalid or expired token:","timestamp":"2024-09-23T15:32:31.833Z"}
{"level":"error","message":"Invalid or expired token:","timestamp":"2024-09-23T15:32:32.253Z"}
{"level":"error","message":"Invalid or expired token:","timestamp":"2024-09-23T15:32:32.647Z"}
{"level":"error","message":"Invalid or expired token:","timestamp":"2024-09-23T15:32:33.091Z"}
{"level":"error","message":"Invalid or expired token:","timestamp":"2024-09-23T15:32:33.611Z"}
{"level":"error","message":"Invalid or expired token:","timestamp":"2024-09-23T15:32:33.986Z"}
{"level":"error","message":"Invalid or expired token:","timestamp":"2024-09-23T15:32:34.377Z"}
{"level":"error","message":"Invalid or expired token:","timestamp":"2024-09-23T15:32:34.735Z"}
{"level":"error","message":"Invalid or expired token:","timestamp":"2024-09-23T15:32:35.154Z"}
{"level":"error","message":"Invalid or expired token:","timestamp":"2024-09-23T15:32:35.521Z"}
{"level":"error","message":"Invalid or expired token:","timestamp":"2024-09-23T15:32:35.841Z"}
{"level":"error","message":"Invalid or expired token:","timestamp":"2024-09-23T15:32:36.155Z"}
{"level":"error","message":"Invalid or expired token:","timestamp":"2024-09-23T15:32:36.516Z"}
{"level":"error","message":"Invalid or expired token:","timestamp":"2024-09-23T15:32:36.852Z"}
{"level":"error","message":"Invalid or expired token:","timestamp":"2024-09-23T15:32:37.190Z"}
{"level":"error","message":"Invalid or expired token:","timestamp":"2024-09-23T15:32:37.553Z"}
{"level":"error","message":"Invalid or expired token:","timestamp":"2024-09-23T15:32:37.930Z"}
{"level":"error","message":"Invalid or expired token:","timestamp":"2024-09-23T15:32:38.300Z"}
{"level":"error","message":"Invalid or expired token:","timestamp":"2024-09-23T15:32:38.675Z"}
{"level":"error","message":"Invalid or expired token:","timestamp":"2024-09-23T15:32:39.046Z"}
{"level":"error","message":"Invalid or expired token:","timestamp":"2024-09-23T15:32:39.408Z"}
{"level":"error","message":"Invalid or expired token:","timestamp":"2024-09-23T15:32:39.753Z"}
{"level":"error","message":"Invalid or expired token:","timestamp":"2024-09-23T15:32:40.113Z"}
{"level":"error","message":"Invalid or expired token:","timestamp":"2024-09-23T15:32:40.478Z"}
{"level":"error","message":"Invalid or expired token:","timestamp":"2024-09-23T15:32:41.146Z"}
{"level":"error","message":"Invalid or expired token:","timestamp":"2024-09-23T15:32:41.512Z"}
{"level":"error","message":"Invalid or expired token:","timestamp":"2024-09-23T15:32:41.877Z"}
{"level":"error","message":"Invalid or expired token:","timestamp":"2024-09-23T15:32:42.301Z"}
{"level":"error","message":"Invalid or expired token:","timestamp":"2024-09-23T15:32:42.659Z"}
{"level":"error","message":"Invalid or expired token:","timestamp":"2024-09-23T15:32:43.020Z"}
{"level":"error","message":"Invalid or expired token:","timestamp":"2024-09-23T15:32:43.391Z"}
{"level":"error","message":"Invalid or expired token:","timestamp":"2024-09-23T15:32:43.767Z"}
{"level":"error","message":"Invalid or expired token:","timestamp":"2024-09-23T15:32:44.124Z"}
{"level":"error","message":"Invalid or expired token:","timestamp":"2024-09-23T15:32:44.509Z"}
{"level":"error","message":"Invalid or expired token:","timestamp":"2024-09-23T15:32:44.874Z"}
{"level":"error","message":"Invalid or expired token:","timestamp":"2024-09-23T15:32:45.251Z"}
{"level":"error","message":"Invalid or expired token:","timestamp":"2024-09-23T15:32:45.624Z"}
{"level":"error","message":"Invalid or expired token:","timestamp":"2024-09-23T15:32:46.029Z"}
{"level":"error","message":"Invalid or expired token:","timestamp":"2024-09-23T15:32:46.403Z"}
{"level":"error","message":"Invalid or expired token:","timestamp":"2024-09-23T15:32:46.857Z"}
{"level":"error","message":"Invalid or expired token:","timestamp":"2024-09-23T15:32:47.245Z"}
{"level":"error","message":"Invalid or expired token:","timestamp":"2024-09-23T15:32:47.668Z"}
{"level":"error","message":"Invalid or expired token:","timestamp":"2024-09-23T15:32:48.062Z"}
{"level":"error","message":"Invalid or expired token:","timestamp":"2024-09-23T15:32:48.450Z"}
{"level":"error","message":"Invalid or expired token:","timestamp":"2024-09-23T15:32:48.969Z"}
{"level":"error","message":"Invalid or expired token:","timestamp":"2024-09-23T15:32:49.385Z"}
{"level":"error","message":"Invalid or expired token:","timestamp":"2024-09-23T15:32:49.777Z"}
{"level":"error","message":"Invalid or expired token:","timestamp":"2024-09-23T15:32:50.184Z"}
{"level":"error","message":"Invalid or expired token:","timestamp":"2024-09-23T15:32:50.842Z"}
{"level":"error","message":"Invalid or expired token:","timestamp":"2024-09-23T15:32:51.491Z"}
{"level":"error","message":"Invalid or expired token:","timestamp":"2024-09-23T15:32:51.915Z"}
{"level":"error","message":"Invalid or expired token:","timestamp":"2024-09-23T15:32:52.347Z"}
{"level":"error","message":"Invalid or expired token:","timestamp":"2024-09-23T15:32:52.843Z"}
{"level":"error","message":"Invalid or expired token:","timestamp":"2024-09-23T15:32:53.252Z"}
{"level":"error","message":"Invalid or expired token:","timestamp":"2024-09-23T15:32:53.712Z"}
{"level":"error","message":"Invalid or expired token:","timestamp":"2024-09-23T15:32:54.098Z"}
{"level":"error","message":"Invalid or expired token:","timestamp":"2024-09-23T15:32:54.756Z"}
{"level":"error","message":"Invalid or expired token:","timestamp":"2024-09-23T15:32:55.180Z"}
{"level":"error","message":"Invalid or expired token:","timestamp":"2024-09-23T15:32:55.631Z"}
{"level":"error","message":"Invalid or expired token:","timestamp":"2024-09-23T15:32:56.090Z"}
{"level":"error","message":"Invalid or expired token:","timestamp":"2024-09-23T15:32:56.526Z"}
{"level":"error","message":"Invalid or expired token:","timestamp":"2024-09-23T15:32:56.940Z"}
{"level":"error","message":"Invalid or expired token:","timestamp":"2024-09-23T15:32:57.388Z"}
{"level":"error","message":"Invalid or expired token:","timestamp":"2024-09-23T15:32:57.836Z"}
{"level":"error","message":"Invalid or expired token:","timestamp":"2024-09-23T15:32:58.550Z"}
{"level":"error","message":"Invalid or expired token:","timestamp":"2024-09-23T15:32:58.899Z"}
{"level":"error","message":"Invalid or expired token:","timestamp":"2024-09-23T15:32:59.260Z"}
{"level":"error","message":"Invalid or expired token:","timestamp":"2024-09-23T15:32:59.622Z"}
{"level":"error","message":"Invalid or expired token:","timestamp":"2024-09-23T15:32:59.934Z"}
{"level":"error","message":"Invalid or expired token:","timestamp":"2024-09-23T15:33:00.254Z"}
{"level":"error","message":"Invalid or expired token:","timestamp":"2024-09-23T15:33:00.603Z"}
{"level":"error","message":"Invalid or expired token:","timestamp":"2024-09-23T15:33:00.930Z"}
{"level":"error","message":"Invalid or expired token:","timestamp":"2024-09-23T15:33:01.356Z"}
{"level":"error","message":"Invalid or expired token:","timestamp":"2024-09-23T15:33:01.693Z"}
{"level":"error","message":"Invalid or expired token:","timestamp":"2024-09-23T15:33:02.028Z"}
{"level":"error","message":"Invalid or expired token:","timestamp":"2024-09-23T15:33:02.373Z"}
{"level":"error","message":"Invalid or expired token:","timestamp":"2024-09-23T15:33:02.688Z"}
{"level":"error","message":"Invalid or expired token:","timestamp":"2024-09-23T15:33:03.004Z"}
{"level":"error","message":"Invalid or expired token:","timestamp":"2024-09-23T15:33:03.351Z"}
{"level":"error","message":"Invalid or expired token:","timestamp":"2024-09-23T15:33:03.707Z"}
{"level":"error","message":"Invalid or expired token:","timestamp":"2024-09-23T15:33:04.116Z"}
{"level":"error","message":"Invalid or expired token:","timestamp":"2024-09-23T15:33:04.531Z"}
{"level":"error","message":"Invalid or expired token:","timestamp":"2024-09-23T15:33:05.044Z"}
{"level":"error","message":"Invalid or expired token:","timestamp":"2024-09-23T15:33:05.414Z"}
{"level":"error","message":"Invalid or expired token:","timestamp":"2024-09-23T15:33:05.764Z"}
{"level":"error","message":"Invalid or expired token:","timestamp":"2024-09-23T15:34:22.883Z"}
{"level":"error","message":"Invalid or expired token:","timestamp":"2024-09-23T15:36:06.563Z"}
{"level":"error","message":"login failed Error validating token","stack":"Error: Error validating token\n    at logCustomer (/home/rgukt/Desktop/Learn New/ElectronApp/Backend/Models/customerModel.js:116:19)\n    at process.processTicksAndRejections (node:internal/process/task_queues:95:5)\n    at async loginCustomer (/home/rgukt/Desktop/Learn New/ElectronApp/Backend/Controllers/customerController.js:149:20)","timestamp":"2024-09-23T15:36:21.152Z"}
{"level":"error","message":"login failed Error validating token","stack":"Error: Error validating token\n    at logCustomer (/home/rgukt/Desktop/Learn New/ElectronApp/Backend/Models/customerModel.js:116:19)\n    at process.processTicksAndRejections (node:internal/process/task_queues:95:5)\n    at async loginCustomer (/home/rgukt/Desktop/Learn New/ElectronApp/Backend/Controllers/customerController.js:149:20)","timestamp":"2024-09-23T15:36:30.249Z"}
{"level":"error","message":"Invalid or expired token:","timestamp":"2024-09-23T15:38:53.799Z"}
{"code":"22P02","file":"int8.c","length":91,"level":"error","line":"126","message":"login failed invalid input syntax for type bigint: \"\"","name":"error","routine":"scanint8","severity":"ERROR","stack":"error: invalid input syntax for type bigint: \"\"\n    at /home/rgukt/Desktop/Learn New/ElectronApp/Backend/node_modules/pg/lib/client.js:526:17\n    at process.processTicksAndRejections (node:internal/process/task_queues:95:5)\n    at async logCustomer (/home/rgukt/Desktop/Learn New/ElectronApp/Backend/Models/customerModel.js:94:22)\n    at async loginCustomer (/home/rgukt/Desktop/Learn New/ElectronApp/Backend/Controllers/customerController.js:149:20)","timestamp":"2024-09-23T15:38:56.393Z"}
{"level":"error","message":"login failed Error validating token","stack":"Error: Error validating token\n    at logCustomer (/home/rgukt/Desktop/Learn New/ElectronApp/Backend/Models/customerModel.js:116:19)\n    at process.processTicksAndRejections (node:internal/process/task_queues:95:5)\n    at async loginCustomer (/home/rgukt/Desktop/Learn New/ElectronApp/Backend/Controllers/customerController.js:149:20)","timestamp":"2024-09-23T15:39:11.235Z"}
{"level":"error","message":"login failed Error validating token","stack":"Error: Error validating token\n    at logCustomer (/home/rgukt/Desktop/Learn New/ElectronApp/Backend/Models/customerModel.js:116:19)\n    at process.processTicksAndRejections (node:internal/process/task_queues:95:5)\n    at async loginCustomer (/home/rgukt/Desktop/Learn New/ElectronApp/Backend/Controllers/customerController.js:149:20)","timestamp":"2024-09-24T04:56:05.737Z"}
{"level":"error","message":"login failed Error validating token","stack":"Error: Error validating token\n    at logCustomer (/home/rgukt/Desktop/Learn New/ElectronApp/Backend/Models/customerModel.js:116:19)\n    at process.processTicksAndRejections (node:internal/process/task_queues:95:5)\n    at async loginCustomer (/home/rgukt/Desktop/Learn New/ElectronApp/Backend/Controllers/customerController.js:149:20)","timestamp":"2024-09-24T04:56:23.591Z"}
{"level":"error","message":"login failed Error validating token","stack":"Error: Error validating token\n    at logCustomer (/home/rgukt/Desktop/Learn New/ElectronApp/Backend/Models/customerModel.js:116:19)\n    at process.processTicksAndRejections (node:internal/process/task_queues:95:5)\n    at async loginCustomer (/home/rgukt/Desktop/Learn New/ElectronApp/Backend/Controllers/customerController.js:149:20)","timestamp":"2024-09-24T04:56:24.601Z"}
{"level":"error","message":"login failed Error validating token","stack":"Error: Error validating token\n    at logCustomer (/home/rgukt/Desktop/Learn New/ElectronApp/Backend/Models/customerModel.js:116:19)\n    at process.processTicksAndRejections (node:internal/process/task_queues:95:5)\n    at async loginCustomer (/home/rgukt/Desktop/Learn New/ElectronApp/Backend/Controllers/customerController.js:149:20)","timestamp":"2024-09-24T04:56:24.847Z"}
{"level":"error","message":"Invalid or expired token:","timestamp":"2024-09-24T05:01:11.051Z"}
{"level":"error","message":"login failed Error validating token","stack":"Error: Error validating token\n    at logCustomer (/home/rgukt/Desktop/Learn New/ElectronApp/Backend/Models/customerModel.js:116:19)\n    at process.processTicksAndRejections (node:internal/process/task_queues:95:5)\n    at async loginCustomer (/home/rgukt/Desktop/Learn New/ElectronApp/Backend/Controllers/customerController.js:149:20)","timestamp":"2024-09-24T05:02:00.005Z"}
{"level":"error","message":"Invalid or expired token:","timestamp":"2024-09-24T05:04:48.882Z"}
{"level":"error","message":"login failed Error validating token","stack":"Error: Error validating token\n    at logCustomer (/home/rgukt/Desktop/Learn New/ElectronApp/Backend/Models/customerModel.js:116:19)\n    at process.processTicksAndRejections (node:internal/process/task_queues:95:5)\n    at async loginCustomer (/home/rgukt/Desktop/Learn New/ElectronApp/Backend/Controllers/customerController.js:149:20)","timestamp":"2024-09-24T05:06:47.663Z"}
{"level":"error","message":"login failed Error validating token","stack":"Error: Error validating token\n    at logCustomer (/home/rgukt/Desktop/Learn New/ElectronApp/Backend/Models/customerModel.js:116:19)\n    at process.processTicksAndRejections (node:internal/process/task_queues:95:5)\n    at async loginCustomer (/home/rgukt/Desktop/Learn New/ElectronApp/Backend/Controllers/customerController.js:149:20)","timestamp":"2024-09-24T05:07:04.615Z"}
{"level":"error","message":"login failed Error validating token","stack":"Error: Error validating token\n    at logCustomer (/home/rgukt/Desktop/Learn New/ElectronApp/Backend/Models/customerModel.js:116:19)\n    at process.processTicksAndRejections (node:internal/process/task_queues:95:5)\n    at async loginCustomer (/home/rgukt/Desktop/Learn New/ElectronApp/Backend/Controllers/customerController.js:149:20)","timestamp":"2024-09-24T05:08:37.772Z"}
{"level":"error","message":"login failed Error validating token","stack":"Error: Error validating token\n    at logCustomer (/home/rgukt/Desktop/Learn New/ElectronApp/Backend/Models/customerModel.js:116:19)\n    at process.processTicksAndRejections (node:internal/process/task_queues:95:5)\n    at async loginCustomer (/home/rgukt/Desktop/Learn New/ElectronApp/Backend/Controllers/customerController.js:149:20)","timestamp":"2024-09-24T05:09:58.005Z"}
{"level":"error","message":"Invalid or expired token:","timestamp":"2024-09-24T05:12:28.871Z"}
{"level":"error","message":"Invalid or expired token:","timestamp":"2024-09-24T05:13:37.435Z"}
{"level":"error","message":"Invalid or expired token:","timestamp":"2024-09-24T05:15:00.380Z"}
{"level":"error","message":"login failed Error validating token","stack":"Error: Error validating token\n    at logCustomer (/home/rgukt/Desktop/Learn New/ElectronApp/Backend/Models/customerModel.js:116:19)\n    at process.processTicksAndRejections (node:internal/process/task_queues:95:5)\n    at async loginCustomer (/home/rgukt/Desktop/Learn New/ElectronApp/Backend/Controllers/customerController.js:150:20)","timestamp":"2024-09-24T05:15:45.637Z"}
{"level":"error","message":"login failed Error validating token","stack":"Error: Error validating token\n    at logCustomer (/home/rgukt/Desktop/Learn New/ElectronApp/Backend/Models/customerModel.js:116:19)\n    at process.processTicksAndRejections (node:internal/process/task_queues:95:5)\n    at async loginCustomer (/home/rgukt/Desktop/Learn New/ElectronApp/Backend/Controllers/customerController.js:150:20)","timestamp":"2024-09-24T05:17:46.579Z"}
{"level":"error","message":"Invalid or expired token:","timestamp":"2024-09-24T05:19:20.105Z"}
{"level":"error","message":"login failed Error validating token","stack":"Error: Error validating token\n    at logCustomer (/home/rgukt/Desktop/Learn New/ElectronApp/Backend/Models/customerModel.js:117:19)\n    at process.processTicksAndRejections (node:internal/process/task_queues:95:5)\n    at async loginCustomer (/home/rgukt/Desktop/Learn New/ElectronApp/Backend/Controllers/customerController.js:150:20)","timestamp":"2024-09-24T05:19:32.944Z"}
{"level":"error","message":"login failed Error validating token","stack":"Error: Error validating token\n    at logCustomer (/home/rgukt/Desktop/Learn New/ElectronApp/Backend/Models/customerModel.js:117:19)\n    at process.processTicksAndRejections (node:internal/process/task_queues:95:5)\n    at async loginCustomer (/home/rgukt/Desktop/Learn New/ElectronApp/Backend/Controllers/customerController.js:150:20)","timestamp":"2024-09-24T05:20:33.785Z"}
{"level":"error","message":"Invalid or expired token:","timestamp":"2024-09-24T05:23:15.721Z"}
{"level":"error","message":"login failed Error validating token","stack":"Error: Error validating token\n    at logCustomer (/home/rgukt/Desktop/Learn New/ElectronApp/Backend/Models/customerModel.js:117:19)\n    at process.processTicksAndRejections (node:internal/process/task_queues:95:5)\n    at async loginCustomer (/home/rgukt/Desktop/Learn New/ElectronApp/Backend/Controllers/customerController.js:150:20)","timestamp":"2024-09-24T05:23:35.954Z"}
{"level":"error","message":"Invalid or expired token:","timestamp":"2024-09-24T05:30:11.839Z"}
{"level":"error","message":"login failed Error validating token","stack":"Error: Error validating token\n    at logCustomer (/home/rgukt/Desktop/Learn New/ElectronApp/Backend/Models/customerModel.js:120:19)\n    at process.processTicksAndRejections (node:internal/process/task_queues:95:5)\n    at async loginCustomer (/home/rgukt/Desktop/Learn New/ElectronApp/Backend/Controllers/customerController.js:150:20)","timestamp":"2024-09-24T05:31:04.944Z"}
{"level":"error","message":"login failed Error validating token","stack":"Error: Error validating token\n    at logCustomer (/home/rgukt/Desktop/Learn New/ElectronApp/Backend/Models/customerModel.js:120:19)\n    at process.processTicksAndRejections (node:internal/process/task_queues:95:5)\n    at async loginCustomer (/home/rgukt/Desktop/Learn New/ElectronApp/Backend/Controllers/customerController.js:150:20)","timestamp":"2024-09-24T05:31:17.615Z"}
{"level":"error","message":"Invalid or expired token:","timestamp":"2024-09-24T05:34:53.320Z"}
{"level":"error","message":"Oh no login failed Error validating token","stack":"Error: Error validating token\n    at logCustomer (/home/rgukt/Desktop/Learn New/ElectronApp/Backend/Models/customerModel.js:120:19)\n    at process.processTicksAndRejections (node:internal/process/task_queues:95:5)\n    at async loginCustomer (/home/rgukt/Desktop/Learn New/ElectronApp/Backend/Controllers/customerController.js:150:20)","timestamp":"2024-09-24T05:35:30.466Z"}
{"level":"error","message":"Invalid or expired token:","timestamp":"2024-09-24T05:39:34.658Z"}
{"level":"error","message":"Invalid or expired token:","timestamp":"2024-09-24T05:39:56.786Z"}
{"level":"error","message":"Invalid or expired token:","timestamp":"2024-09-24T05:39:58.282Z"}
{"level":"error","message":"Invalid or expired token:","timestamp":"2024-09-24T05:41:54.144Z"}
{"level":"error","message":"Invalid or expired token:","timestamp":"2024-09-24T05:45:22.006Z"}
{"level":"error","message":"Invalid or expired token:","timestamp":"2024-09-24T05:47:04.788Z"}
{"level":"error","message":"Invalid or expired token:","timestamp":"2024-09-24T05:47:19.022Z"}
{"level":"error","message":"Invalid or expired token:","timestamp":"2024-09-24T05:47:20.562Z"}
{"level":"error","message":"Invalid or expired token:","timestamp":"2024-09-24T05:48:39.632Z"}
{"level":"error","message":"Invalid or expired token:","timestamp":"2024-09-24T05:48:40.197Z"}
{"level":"error","message":"Invalid or expired token:","timestamp":"2024-09-24T05:48:40.731Z"}
{"level":"error","message":"Invalid or expired token:","timestamp":"2024-09-24T05:48:41.257Z"}
{"level":"error","message":"Invalid or expired token:","timestamp":"2024-09-24T05:48:41.715Z"}
{"level":"error","message":"Invalid or expired token:","timestamp":"2024-09-24T05:48:42.243Z"}
{"level":"error","message":"Invalid or expired token:","timestamp":"2024-09-24T05:48:42.901Z"}
{"level":"error","message":"Invalid or expired token:","timestamp":"2024-09-24T05:48:44.020Z"}
{"level":"error","message":"Invalid or expired token:","timestamp":"2024-09-24T05:48:44.852Z"}
{"level":"error","message":"Invalid or expired token:","timestamp":"2024-09-24T05:48:45.824Z"}
{"level":"error","message":"Invalid or expired token:","timestamp":"2024-09-24T05:48:46.619Z"}
{"level":"error","message":"Invalid or expired token:","timestamp":"2024-09-24T05:48:47.257Z"}
{"level":"error","message":"Invalid or expired token:","timestamp":"2024-09-24T05:48:47.793Z"}
{"level":"error","message":"Invalid or expired token:","timestamp":"2024-09-24T05:48:48.266Z"}
{"level":"error","message":"Server error during authentication:","timestamp":"2024-09-24T07:08:30.004Z"}
{"level":"error","message":"Server error during authentication:","timestamp":"2024-09-24T07:08:55.682Z"}
